warning: Git tree '/home/sam/.dotfiles' is dirty
building the system configuration...
warning: Git tree '/home/sam/.dotfiles' is dirty
these 79 derivations will be built:
  /nix/store/j5l0z2mk773a69xrq5s6x134a7znh47k-source-patched.drv
  /nix/store/f656i4hdvlfsm60lipzza4xs01q3a1pg-nixos-icons-0-unstable-2024-04-10.drv
  /nix/store/4kszmhr82qg3i1gw8vkmnai4944rrndi-stylix-plymouth.drv
  /nix/store/9w27yr96v7n6wkj1rvk18ffp4spdlsyg-plymouth-logos.drv
  /nix/store/w1wm26waiifpxibxlfn6pw7qlnvqlf6k-plymouth-themes.drv
  /nix/store/gjl11zwxyb9c6fvmlqg3n0fm40vz0n1f-extra-utils.drv
  /nix/store/00jc6jwsdyv7r8ni566jcf1wbq2qajq4-udev-rules.drv
  /nix/store/016znwf8dal5aibc3wwa3613spkrh27x-link-units.drv
  /nix/store/077lj856kbhi98mwvpnfx4mfpp0igyy8-etc-brave-policies-managed-extra.json.drv
  /nix/store/y50rzpfxjjlvmxr79m60dc2dslf9s3ix-tokyo-city-terminal-dark.yaml.drv
  /nix/store/zmmpb8my37salrgd8h0ldv6b57qdhlcl-tokyo-city-terminal-dark.drv
  /nix/store/6idafbpmrnjsrrxd4lj3xqfx6mmzb612-tokyo-city-terminal-dark-gnome-shell-theme.drv
  /nix/store/l5ssn5p5xyw91bhmgxygqx1w8b305ji7-org.gnome.login-screen.gschema.override.drv
  /nix/store/a98ycrshwv15b5q3dpbb5yllmxyccjsi-gdm-47.0.drv
  /nix/store/lzszkz39sz1dwc2cymmnz8ck50zbf7g9-gnome-shell-47.3.drv
  /nix/store/8f228ykzdsjnrqna17ba8j3nfyiq6a3q-gnome-browser-connector-42.1.drv
  /nix/store/a5xhj5bs9z6nmnwn142cy4xq16wfmxqz-gnome-session-47.0.1.drv
  /nix/store/w6i9ip2af450cmzj32rsh1dcsr4h0n7d-gnome-tweaks-46.1.drv
  /nix/store/w72jlq055m7laazcn2zijf79bk5lyhkm-gnome-initial-setup-47.2.drv
  /nix/store/aw4lwm9xrga0i103g6f0d040b29j0yxc-tokyo-city-terminal-dark.drv
  /nix/store/z6sqx005gnkw7xs36ng647w4rbnsanvs-gnome-text-editor-47.2.drv
  /nix/store/9zm6ck512292z838wzkq58pf2wql29ls-system-path.drv
  /nix/store/0vjx914qcygwdhqm363qm39bgkcb94bv-dbus-1.drv
  /nix/store/4vlm7k3mxpqck3qz3qvz8b410dzgh026-gnome-gsettings-overrides.drv
  /nix/store/84pnrh1lcmzc1n1zl5m6hpy8pi7q9zpn-desktops.drv
  /nix/store/vawcimlkf20pva1h99qanvi7nl5g5lhx-set-environment.drv
  /nix/store/13rzadp6y8cfq9g1dqg99r11kbdcxp91-etc-profile.drv
  /nix/store/1zxh9v58f06n04dczd9ls3vqkj283hs3-etc-chromium-policies-managed-extra.json.drv
  /nix/store/5aqfqzrc2q50cxbpbicj8lpamvvsrbaq-hm_homesam.Xresources.drv
  /nix/store/7q5ablfsazp7dx3scnr6psgywkw184zy-tokyo-city-terminal-dark.drv
  /nix/store/8wdb72xdfpgnwndfrfwjrdjznsajc92d-tokyo-city-terminal-dark.drv
  /nix/store/zjh2jqib76nj2z78h83icsl24g5a5yyq-stylix-kde-theme.drv
  /nix/store/8w27v91ylh9cw78nx49d4ry15wc4xc1l-home-manager-path.drv
  /nix/store/9wdm668a9wvwcxj9jgqz59diaxbqszrl-hm_fontconfigconf.d10hmfonts.conf.drv
  /nix/store/acadqpkkibpr05nja2b2ydlzfw57mq28-tokyo-city-terminal-dark.drv
  /nix/store/r0fikrhpkdlib9k29siz3k6msr083mkr-tokyo-city-terminal-dark.yaml.drv
  /nix/store/g3w3yqk40m9msv0csqs7hgm2bwadjnsp-tokyo-city-terminal-dark.drv
  /nix/store/h0xjha4mqbblmaxi7cjwcyk22ip5d50a-tokyo-city-terminal-dark.drv
  /nix/store/hhrhc4xga70i32rlxqvjj4pcvxy2q5v5-tokyo-city-terminal-dark.drv
  /nix/store/jl1rlhng7sd7123h4c9b84kb5wilngf2-tokyo-city-terminal-dark.drv
  /nix/store/8x4v7y4k7xigvca2cs4yg0cxbv639vis-tokyo-city-terminal-dark.drv
  /nix/store/pcwdh4n7pmk6fr3y8fhis2rskmh04hbp-gtk.css.drv
  /nix/store/pl7f76admaagnphvxwbaybrzf9md0avm-tokyo-city-terminal-dark.drv
  /nix/store/q3x45y3rd56s0dwkcczrkprgfw1li50i-zed-user-settings.drv
  /nix/store/qhak7hz603zmrw2fr0k38xm14643asqc-flattenedGtkTheme.drv
  /nix/store/wxz12b2vns7j5f933dkn9ryz0k47g8v5-tokyo-city-terminal-dark.drv
  /nix/store/4xqn27x217ag2z765bfs5q0g7z9r3vhr-stylix-activate-kde.drv
  /nix/store/y801xjpaw2dky1wn9f1yahz8l21r1n20-hm_autostartstylixactivator.desktop.drv
  /nix/store/2n43nlxwrn3gn21j9bsbfcrbm1q96k3b-home-manager-files.drv
  /nix/store/5xv2ibnggpkbwbaryklg7lkydsiywkjh-X-Restart-Triggers-dbus.drv
  /nix/store/3wrx9xvlpr4qnh20yx068dvhqgz9vm3z-unit-dbus.service.drv
  /nix/store/w8c8pa1qaqiwazq8l6v7bnxmlx29k06l-check-dconf-db.drv
  /nix/store/szyz2h99i7sm78zs2nwgcd9qwaglrypf-gdm.drv
  /nix/store/g84hmbp2nf9b2ghyfmkaalbl3x50rbm9-check-dconf-db.drv
  /nix/store/y2q7i9ppzp585im4p4irw0rzg5aq4rgg-gnome-initial-setup.drv
  /nix/store/8415jvhn9wdki30f7cxcf3p1fx4mmngw-dconf-system-config.drv
  /nix/store/ah56xn5zznax06n5s395zyaahhsyz1ff-etc-pam-environment.drv
  /nix/store/bz6vy83pyzqyin029zxs1243j4jqy6j8-etc-opt-chrome-policies-managed-extra.json.drv
  /nix/store/gvmp1qdjvbcdyskzbpx23x2snziv7qm9-user-units.drv
  /nix/store/hcxh5sgjxidj88yvd63xkgabvz30206y-user-generators.drv
  /nix/store/mgqgf9nsg178zyhbic5hnzgz48bvva9f-system-shutdown.drv
  /nix/store/88kii9sq5n7ibqnlj1bl922z92p0gqcp-unit-accounts-daemon.service.drv
  /nix/store/w8mm058kpls52x3xba0afln9r3vg3irb-unit-script-display-manager-start.drv
  /nix/store/9nyrzdly3j4ffdk9ngw2bqpqx0vm0ynd-unit-display-manager.service.drv
  /nix/store/a34c2zidnrxvxc13xfzzvp3h28z4cpsq-unit-dbus.service.drv
  /nix/store/nm5xymwbkl3a2b1cqsakxm27v5rasdfw-X-Restart-Triggers-polkit.drv
  /nix/store/ks8h1zqqb2c8hkvw5pnygh51d52sg9hw-unit-polkit.service.drv
  /nix/store/zsjpw0pac0g999pni8flirw0g2z9vgd2-hm-dconf.ini.drv
  /nix/store/a53760qkyag6371z19x7f40vrq3i538j-activation-script.drv
  /nix/store/bk7ryml833iw0y1246n5gk6bnhmfgwv2-home-manager-generation.drv
  /nix/store/svqs0cbvz5kh86z5gk3mirgc5j6ppapk-unit-home-manager-sam.service.drv
  /nix/store/ppvyddjazm160nvbnraxfvccfvms53bs-system-units.drv
  /nix/store/rg7q8xj4c8qdar061sjvm24x9wi0wsa6-gdm-autologin.pam.drv
  /nix/store/wkkc9nf3j3wn6rxsj0gbqfmiv48c6zc5-system-generators.drv
  /nix/store/4kh8hill5q8c0a2f4cy6h8gnkv44m33v-etc.drv
  /nix/store/x8syh161j5ikcd9xrj4ii8cf3i5bfms1-stage-1-init.sh.drv
  /nix/store/sf9ssabwl937gbnq5qwrprsk001awgnm-initrd-linux-6.13.drv
  /nix/store/4nh8z7bs1gj9i5ap1q0y3j1zbskaamk2-boot.json.drv
  /nix/store/ih5rp45fpynigml458aah8rr114ga7al-nixos-system-hp-25.05.20250129.9d3ae80.drv
building '/nix/store/077lj856kbhi98mwvpnfx4mfpp0igyy8-etc-brave-policies-managed-extra.json.drv'...
building '/nix/store/1zxh9v58f06n04dczd9ls3vqkj283hs3-etc-chromium-policies-managed-extra.json.drv'...
building '/nix/store/bz6vy83pyzqyin029zxs1243j4jqy6j8-etc-opt-chrome-policies-managed-extra.json.drv'...
building '/nix/store/r0fikrhpkdlib9k29siz3k6msr083mkr-tokyo-city-terminal-dark.yaml.drv'...
building '/nix/store/y50rzpfxjjlvmxr79m60dc2dslf9s3ix-tokyo-city-terminal-dark.yaml.drv'...
building '/nix/store/j5l0z2mk773a69xrq5s6x134a7znh47k-source-patched.drv'...
building '/nix/store/zsjpw0pac0g999pni8flirw0g2z9vgd2-hm-dconf.ini.drv'...
building '/nix/store/5aqfqzrc2q50cxbpbicj8lpamvvsrbaq-hm_homesam.Xresources.drv'...
building '/nix/store/zjh2jqib76nj2z78h83icsl24g5a5yyq-stylix-kde-theme.drv'...
building '/nix/store/q3x45y3rd56s0dwkcczrkprgfw1li50i-zed-user-settings.drv'...
building '/nix/store/7q5ablfsazp7dx3scnr6psgywkw184zy-tokyo-city-terminal-dark.drv'...
building '/nix/store/8wdb72xdfpgnwndfrfwjrdjznsajc92d-tokyo-city-terminal-dark.drv'...
building '/nix/store/8x4v7y4k7xigvca2cs4yg0cxbv639vis-tokyo-city-terminal-dark.drv'...
building '/nix/store/acadqpkkibpr05nja2b2ydlzfw57mq28-tokyo-city-terminal-dark.drv'...
building '/nix/store/aw4lwm9xrga0i103g6f0d040b29j0yxc-tokyo-city-terminal-dark.drv'...
building '/nix/store/g3w3yqk40m9msv0csqs7hgm2bwadjnsp-tokyo-city-terminal-dark.drv'...
building '/nix/store/h0xjha4mqbblmaxi7cjwcyk22ip5d50a-tokyo-city-terminal-dark.drv'...
building '/nix/store/hhrhc4xga70i32rlxqvjj4pcvxy2q5v5-tokyo-city-terminal-dark.drv'...
building '/nix/store/jl1rlhng7sd7123h4c9b84kb5wilngf2-tokyo-city-terminal-dark.drv'...
building '/nix/store/pl7f76admaagnphvxwbaybrzf9md0avm-tokyo-city-terminal-dark.drv'...
building '/nix/store/wxz12b2vns7j5f933dkn9ryz0k47g8v5-tokyo-city-terminal-dark.drv'...
building '/nix/store/pcwdh4n7pmk6fr3y8fhis2rskmh04hbp-gtk.css.drv'...
building '/nix/store/8w27v91ylh9cw78nx49d4ry15wc4xc1l-home-manager-path.drv'...
building '/nix/store/z6sqx005gnkw7xs36ng647w4rbnsanvs-gnome-text-editor-47.2.drv'...
building '/nix/store/f656i4hdvlfsm60lipzza4xs01q3a1pg-nixos-icons-0-unstable-2024-04-10.drv'...
building '/nix/store/4xqn27x217ag2z765bfs5q0g7z9r3vhr-stylix-activate-kde.drv'...
building '/nix/store/zmmpb8my37salrgd8h0ldv6b57qdhlcl-tokyo-city-terminal-dark.drv'...
building '/nix/store/qhak7hz603zmrw2fr0k38xm14643asqc-flattenedGtkTheme.drv'...
building '/nix/store/y801xjpaw2dky1wn9f1yahz8l21r1n20-hm_autostartstylixactivator.desktop.drv'...
building '/nix/store/6idafbpmrnjsrrxd4lj3xqfx6mmzb612-tokyo-city-terminal-dark-gnome-shell-theme.drv'...
building '/nix/store/l5ssn5p5xyw91bhmgxygqx1w8b305ji7-org.gnome.login-screen.gschema.override.drv'...
building '/nix/store/9w27yr96v7n6wkj1rvk18ffp4spdlsyg-plymouth-logos.drv'...
building '/nix/store/4kszmhr82qg3i1gw8vkmnai4944rrndi-stylix-plymouth.drv'...
building '/nix/store/a98ycrshwv15b5q3dpbb5yllmxyccjsi-gdm-47.0.drv'...
building '/nix/store/9wdm668a9wvwcxj9jgqz59diaxbqszrl-hm_fontconfigconf.d10hmfonts.conf.drv'...
building '/nix/store/w1wm26waiifpxibxlfn6pw7qlnvqlf6k-plymouth-themes.drv'...
building '/nix/store/gjl11zwxyb9c6fvmlqg3n0fm40vz0n1f-extra-utils.drv'...
building '/nix/store/a53760qkyag6371z19x7f40vrq3i538j-activation-script.drv'...
building '/nix/store/2n43nlxwrn3gn21j9bsbfcrbm1q96k3b-home-manager-files.drv'...
building '/nix/store/bk7ryml833iw0y1246n5gk6bnhmfgwv2-home-manager-generation.drv'...
building '/nix/store/svqs0cbvz5kh86z5gk3mirgc5j6ppapk-unit-home-manager-sam.service.drv'...
building '/nix/store/016znwf8dal5aibc3wwa3613spkrh27x-link-units.drv'...
building '/nix/store/00jc6jwsdyv7r8ni566jcf1wbq2qajq4-udev-rules.drv'...
building '/nix/store/x8syh161j5ikcd9xrj4ii8cf3i5bfms1-stage-1-init.sh.drv'...
building '/nix/store/sf9ssabwl937gbnq5qwrprsk001awgnm-initrd-linux-6.13.drv'...
building '/nix/store/w8c8pa1qaqiwazq8l6v7bnxmlx29k06l-check-dconf-db.drv'...
building '/nix/store/rg7q8xj4c8qdar061sjvm24x9wi0wsa6-gdm-autologin.pam.drv'...
building '/nix/store/w72jlq055m7laazcn2zijf79bk5lyhkm-gnome-initial-setup-47.2.drv'...
building '/nix/store/lzszkz39sz1dwc2cymmnz8ck50zbf7g9-gnome-shell-47.3.drv'...
building '/nix/store/w8mm058kpls52x3xba0afln9r3vg3irb-unit-script-display-manager-start.drv'...
building '/nix/store/4nh8z7bs1gj9i5ap1q0y3j1zbskaamk2-boot.json.drv'...
building '/nix/store/szyz2h99i7sm78zs2nwgcd9qwaglrypf-gdm.drv'...
building '/nix/store/g84hmbp2nf9b2ghyfmkaalbl3x50rbm9-check-dconf-db.drv'...
building '/nix/store/y2q7i9ppzp585im4p4irw0rzg5aq4rgg-gnome-initial-setup.drv'...
building '/nix/store/8415jvhn9wdki30f7cxcf3p1fx4mmngw-dconf-system-config.drv'...
building '/nix/store/8f228ykzdsjnrqna17ba8j3nfyiq6a3q-gnome-browser-connector-42.1.drv'...
building '/nix/store/4vlm7k3mxpqck3qz3qvz8b410dzgh026-gnome-gsettings-overrides.drv'...
building '/nix/store/a5xhj5bs9z6nmnwn142cy4xq16wfmxqz-gnome-session-47.0.1.drv'...
building '/nix/store/w6i9ip2af450cmzj32rsh1dcsr4h0n7d-gnome-tweaks-46.1.drv'...
building '/nix/store/84pnrh1lcmzc1n1zl5m6hpy8pi7q9zpn-desktops.drv'...
building '/nix/store/wkkc9nf3j3wn6rxsj0gbqfmiv48c6zc5-system-generators.drv'...
building '/nix/store/9zm6ck512292z838wzkq58pf2wql29ls-system-path.drv'...
building '/nix/store/mgqgf9nsg178zyhbic5hnzgz48bvva9f-system-shutdown.drv'...
building '/nix/store/hcxh5sgjxidj88yvd63xkgabvz30206y-user-generators.drv'...
building '/nix/store/9nyrzdly3j4ffdk9ngw2bqpqx0vm0ynd-unit-display-manager.service.drv'...
building '/nix/store/nm5xymwbkl3a2b1cqsakxm27v5rasdfw-X-Restart-Triggers-polkit.drv'...
building '/nix/store/0vjx914qcygwdhqm363qm39bgkcb94bv-dbus-1.drv'...
building '/nix/store/ah56xn5zznax06n5s395zyaahhsyz1ff-etc-pam-environment.drv'...
building '/nix/store/vawcimlkf20pva1h99qanvi7nl5g5lhx-set-environment.drv'...
building '/nix/store/88kii9sq5n7ibqnlj1bl922z92p0gqcp-unit-accounts-daemon.service.drv'...
building '/nix/store/5xv2ibnggpkbwbaryklg7lkydsiywkjh-X-Restart-Triggers-dbus.drv'...
building '/nix/store/13rzadp6y8cfq9g1dqg99r11kbdcxp91-etc-profile.drv'...
building '/nix/store/ks8h1zqqb2c8hkvw5pnygh51d52sg9hw-unit-polkit.service.drv'...
building '/nix/store/3wrx9xvlpr4qnh20yx068dvhqgz9vm3z-unit-dbus.service.drv'...
building '/nix/store/a34c2zidnrxvxc13xfzzvp3h28z4cpsq-unit-dbus.service.drv'...
building '/nix/store/gvmp1qdjvbcdyskzbpx23x2snziv7qm9-user-units.drv'...
building '/nix/store/ppvyddjazm160nvbnraxfvccfvms53bs-system-units.drv'...
building '/nix/store/4kh8hill5q8c0a2f4cy6h8gnkv44m33v-etc.drv'...
building '/nix/store/ih5rp45fpynigml458aah8rr114ga7al-nixos-system-hp-25.05.20250129.9d3ae80.drv'...
stopping the following units: accounts-daemon.service
NOT restarting the following changed units: display-manager.service
activating the configuration...
setting up /etc...
reloading user units for sam...
restarting sysinit-reactivation.target
reloading the following units: dbus.service
restarting the following units: polkit.service
starting the following units: accounts-daemon.service
the following new units were started: NetworkManager-dispatcher.service
Done. The new configuration is /nix/store/brb2v6l1wzx3f07hy5rcfw6ia1ks1cvw-nixos-system-hp-25.05.20250129.9d3ae80
